<?xml version="1.0" encoding="UTF-8"?>
<testsuite xmlns:xsi="http://www.w3.org/2001/XMLSchema-instance" xsi:noNamespaceSchemaLocation="https://maven.apache.org/surefire/maven-surefire-plugin/xsd/surefire-test-report.xsd" name="AllCoffeeTest" time="0.085" tests="10" errors="0" skipped="0" failures="0">
  <properties>
[...]
</properties>
  <testcase name="priceSame" classname="AllCoffeeTest" time="0.045"/>
  <testcase name="priceBasicAfter" classname="AllCoffeeTest" time="0.002"/>
  <testcase name="priceDifficult" classname="AllCoffeeTest" time="0.006"/>
  <testcase name="priceMyOrder" classname="AllCoffeeTest" time="0"/>
  <testcase name="priceDairyFreeLatte" classname="AllCoffeeTest" time="0.004"/>
  <testcase name="priceCoffeeCheckTest" classname="AllCoffeeTest" time="0"/>
  <testcase name="priceRedEye" classname="AllCoffeeTest" time="0.001"/>
  <testcase name="priceDairyFree" classname="AllCoffeeTest" time="0.003"/>
  <testcase name="priceAllCheckTest" classname="AllCoffeeTest" time="0.001"/>
  <testcase name="priceCaramelLatteCheckTest" classname="AllCoffeeTest" time="0.001"/>
</testsuite>